<?xml version="1.0" encoding="UTF-8"?>
<!-- Generated by org.testng.reporters.JUnitXMLReporter -->
<testsuite hostname="LAPTOP-7DB4GVKK" ignored="5" name="Default test" tests="1" failures="0" timestamp="2022-09-07T22:49:08 IST" time="21.136" errors="0">
  <testcase name="testLeavepage" time="5.429" classname="com.orangehrm.qa.tests.TestHomePage"/>
  <testcase name="test_Admin_Page" time="0.0" classname="com.orangehrm.qa.tests.TestHomePage">
    <ignored/>
  </testcase> <!-- test_Admin_Page -->
  <testcase name="checkAddBtn" time="0.0" classname="com.orangehrm.qa.tests.TestHomePage">
    <ignored/>
  </testcase> <!-- checkAddBtn -->
  <testcase name="test_My_Info_Page" time="0.0" classname="com.orangehrm.qa.tests.TestHomePage">
    <ignored/>
  </testcase> <!-- test_My_Info_Page -->
  <testcase name="checkEmployeeInfo" time="0.0" classname="com.orangehrm.qa.tests.TestHomePage">
    <ignored/>
  </testcase> <!-- checkEmployeeInfo -->
  <testcase name="checkMenuList" time="0.0" classname="com.orangehrm.qa.tests.TestHomePage">
    <ignored/>
  </testcase> <!-- checkMenuList -->
</testsuite> <!-- Default test -->
