<?xml version="1.0" encoding="UTF-8"?>
<!-- Generated by org.testng.reporters.JUnitXMLReporter -->
<testsuite ignored="0" hostname="LAPTOP-7DB4GVKK" failures="0" tests="4" name="Test4" time="151.671" errors="0" timestamp="2022-09-06T16:47:16 IST">
  <testcase classname="com.orangehrm.qa.tests.Test_PIMPage" name="testEmpInfoText" time="0.299"/>
  <testcase classname="com.orangehrm.qa.tests.Test_PIMPage" name="testEmp_Id" time="3.535"/>
  <testcase classname="com.orangehrm.qa.tests.Test_PIMPage" name="testInclude_Emp" time="0.875"/>
  <testcase classname="com.orangehrm.qa.tests.Test_PIMPage" name="testSupervisorName" time="0.372"/>
</testsuite> <!-- Test4 -->
