<?xml version="1.0" encoding="UTF-8"?>
<!-- Generated by org.testng.reporters.JUnitXMLReporter -->
<testsuite ignored="0" hostname="LAPTOP-7DB4GVKK" failures="0" tests="6" name="Test2" time="155.856" errors="0" timestamp="2022-09-06T16:47:20 IST">
  <testcase classname="com.orangehrm.qa.tests.TestHomePage" name="checkAddBtn" time="8.881"/>
  <testcase classname="com.orangehrm.qa.tests.TestHomePage" name="checkEmployeeInfo" time="0.234"/>
  <testcase classname="com.orangehrm.qa.tests.TestHomePage" name="checkMenuList" time="5.109"/>
  <testcase classname="com.orangehrm.qa.tests.TestHomePage" name="testLeavepage" time="11.05"/>
  <testcase classname="com.orangehrm.qa.tests.TestHomePage" name="test_Admin_Page" time="17.659"/>
  <testcase classname="com.orangehrm.qa.tests.TestHomePage" name="test_My_Info_Page" time="8.424"/>
</testsuite> <!-- Test2 -->
