<?xml version="1.0" encoding="UTF-8"?>
<!-- Generated by org.testng.reporters.JUnitXMLReporter -->
<testsuite ignored="0" hostname="LAPTOP-7DB4GVKK" failures="0" tests="6" name="Test3" time="151.772" errors="0" timestamp="2022-09-06T16:47:16 IST">
  <testcase classname="com.orangehrm.qa.tests.Test_ResetPassword" name="testCancelBtnDisplay" time="1.266"/>
  <testcase classname="com.orangehrm.qa.tests.Test_ResetPassword" name="testEnterUsername" time="0.658"/>
  <testcase classname="com.orangehrm.qa.tests.Test_ResetPassword" name="testResetPass" time="0.671"/>
  <testcase classname="com.orangehrm.qa.tests.Test_ResetPassword" name="testResetPassBtnISdisplay" time="0.075"/>
  <testcase classname="com.orangehrm.qa.tests.Test_ResetPassword" name="testResetPassText" time="0.043"/>
  <testcase classname="com.orangehrm.qa.tests.Test_ResetPassword" name="testUsernameText" time="0.059"/>
</testsuite> <!-- Test3 -->
