<?xml version="1.0" encoding="UTF-8"?>
<!-- Generated by org.testng.reporters.JUnitXMLReporter -->
<testsuite hostname="LAPTOP-7DB4GVKK" ignored="0" name="Test6" tests="7" failures="0" timestamp="2022-08-29T07:13:46 IST" time="20.5" errors="0">
  <testcase name="checkToDate" time="1.761" classname="com.orangehrm.qa.tests.Test_Leave_Page"/>
  <testcase name="testLeaveListText" time="0.072" classname="com.orangehrm.qa.tests.Test_Leave_Page"/>
  <testcase name="test_EmpName" time="0.273" classname="com.orangehrm.qa.tests.Test_Leave_Page"/>
  <testcase name="testEmpName" time="0.646" classname="com.orangehrm.qa.tests.Test_Directory_Page"/>
  <testcase name="testJobTitle" time="0.269" classname="com.orangehrm.qa.tests.Test_Directory_Page"/>
  <testcase name="testJobLocation" time="0.517" classname="com.orangehrm.qa.tests.Test_Directory_Page"/>
  <testcase name="testAllDetails" time="0.001" classname="com.orangehrm.qa.tests.Test_Directory_Page"/>
</testsuite> <!-- Test6 -->
